  CHK     include/linux/version.h
  CHK     include/generated/utsrelease.h
make[1]: `include/generated/mach-types.h' is up to date.
  CALL    scripts/checksyscalls.sh
  CHK     include/generated/compile.h
  CC      arch/arm/mach-omap2/board-omap3beagle-camera.o
arch/arm/mach-omap2/board-omap3beagle-camera.c: In function 'beagle_ov5640_s_power':
arch/arm/mach-omap2/board-omap3beagle-camera.c:74: warning: ISO C90 forbids mixed declarations and code
arch/arm/mach-omap2/board-omap3beagle-camera.c: In function 'beagle_ov5640_configure_interface':
arch/arm/mach-omap2/board-omap3beagle-camera.c:149: warning: ISO C90 forbids mixed declarations and code
  LD      arch/arm/mach-omap2/built-in.o
  LD      vmlinux.o
  MODPOST vmlinux.o
WARNING: modpost: Found 3 section mismatch(es).
To see full details build your kernel with:
'make CONFIG_DEBUG_SECTION_MISMATCH=y'
  GEN     .version
  CHK     include/generated/compile.h
  UPD     include/generated/compile.h
  CC      init/version.o
  LD      init/built-in.o
  LD      .tmp_vmlinux1
  KSYM    .tmp_kallsyms1.S
  AS      .tmp_kallsyms1.o
  LD      .tmp_vmlinux2
  KSYM    .tmp_kallsyms2.S
  AS      .tmp_kallsyms2.o
  LD      .tmp_vmlinux3
  KSYM    .tmp_kallsyms3.S
  AS      .tmp_kallsyms3.o
  LD      vmlinux
  SYSMAP  System.map
  SYSMAP  .tmp_System.map
  OBJCOPY arch/arm/boot/Image
  Kernel: arch/arm/boot/Image is ready
  GZIP    arch/arm/boot/compressed/piggy.gzip
  SHIPPED arch/arm/boot/compressed/lib1funcs.S
  AS      arch/arm/boot/compressed/lib1funcs.o
  AS      arch/arm/boot/compressed/piggy.gzip.o
  LD      arch/arm/boot/compressed/vmlinux
  OBJCOPY arch/arm/boot/zImage
  Kernel: arch/arm/boot/zImage is ready
  UIMAGE  arch/arm/boot/uImage
Image Name:   Linux-2.6.37
Created:      Tue Jun 18 12:59:36 2013
Image Type:   ARM Linux Kernel Image (uncompressed)
Data Size:    3094784 Bytes = 3022.25 kB = 2.95 MB
Load Address: 80008000
Entry Point:  80008000
  Image arch/arm/boot/uImage is ready
