arm-none-linux-gnueabi-gcc -Wa,-gstabs -D__ASSEMBLY__ -g  -Os   -fno-strict-aliasing  -fno-common -ffixed-r8  -DONE_BIT_ERROR_CORRECT -D__KERNEL__ -DTEXT_BASE=0x40200800 -I/home/luoyi/mtp3730_linux/psp/x-load-1.51-psp04.02.00.07.sdk/include -fno-builtin -ffreestanding -nostdinc -isystem /home/luoyi/arm-2009q1/bin/../lib/gcc/arm-none-linux-gnueabi/4.3.3/include -pipe  -DCONFIG_ARM -D__ARM__ -march=armv7-a -mabi=apcs-gnu -mno-thumb-interwork -c -o cpu/omap3/start.o /home/luoyi/mtp3730_linux/psp/x-load-1.51-psp04.02.00.07.sdk/cpu/omap3/start.S
make -C `dirname board/omap3beagle/libomap3beagle.a`
make[1]: Entering directory `/home/luoyi/mtp3730_linux/psp/x-load-1.51-psp04.02.00.07.sdk/board/omap3beagle'
arm-none-linux-gnueabi-gcc -M -g  -Os   -fno-strict-aliasing  -fno-common -ffixed-r8  -DONE_BIT_ERROR_CORRECT -D__KERNEL__ -DTEXT_BASE=0x40200800 -I/home/luoyi/mtp3730_linux/psp/x-load-1.51-psp04.02.00.07.sdk/include -fno-builtin -ffreestanding -nostdinc -isystem /home/luoyi/arm-2009q1/bin/../lib/gcc/arm-none-linux-gnueabi/4.3.3/include -pipe  -DCONFIG_ARM -D__ARM__ -march=armv7-a -mabi=apcs-gnu -mno-thumb-interwork platform.S omap3beagle.c > .depend
make[1]: Leaving directory `/home/luoyi/mtp3730_linux/psp/x-load-1.51-psp04.02.00.07.sdk/board/omap3beagle'
make[1]: Entering directory `/home/luoyi/mtp3730_linux/psp/x-load-1.51-psp04.02.00.07.sdk/board/omap3beagle'
arm-none-linux-gnueabi-gcc -g  -Os   -fno-strict-aliasing  -fno-common -ffixed-r8  -DONE_BIT_ERROR_CORRECT -D__KERNEL__ -DTEXT_BASE=0x40200800 -I/home/luoyi/mtp3730_linux/psp/x-load-1.51-psp04.02.00.07.sdk/include -fno-builtin -ffreestanding -nostdinc -isystem /home/luoyi/arm-2009q1/bin/../lib/gcc/arm-none-linux-gnueabi/4.3.3/include -pipe  -DCONFIG_ARM -D__ARM__ -march=armv7-a -mabi=apcs-gnu -mno-thumb-interwork -Wall -Wstrict-prototypes -c -o omap3beagle.o omap3beagle.c
arm-none-linux-gnueabi-gcc -Wa,-gstabs -D__ASSEMBLY__ -g  -Os   -fno-strict-aliasing  -fno-common -ffixed-r8  -DONE_BIT_ERROR_CORRECT -D__KERNEL__ -DTEXT_BASE=0x40200800 -I/home/luoyi/mtp3730_linux/psp/x-load-1.51-psp04.02.00.07.sdk/include -fno-builtin -ffreestanding -nostdinc -isystem /home/luoyi/arm-2009q1/bin/../lib/gcc/arm-none-linux-gnueabi/4.3.3/include -pipe  -DCONFIG_ARM -D__ARM__ -march=armv7-a -mabi=apcs-gnu -mno-thumb-interwork -c -o platform.o /home/luoyi/mtp3730_linux/psp/x-load-1.51-psp04.02.00.07.sdk/board/omap3beagle/platform.S
arm-none-linux-gnueabi-ar crv libomap3beagle.a omap3beagle.o platform.o
a - omap3beagle.o
a - platform.o
make[1]: Leaving directory `/home/luoyi/mtp3730_linux/psp/x-load-1.51-psp04.02.00.07.sdk/board/omap3beagle'
make -C `dirname cpu/omap3/libomap3.a`
make[1]: Entering directory `/home/luoyi/mtp3730_linux/psp/x-load-1.51-psp04.02.00.07.sdk/cpu/omap3'
arm-none-linux-gnueabi-gcc -M -g  -Os   -fno-strict-aliasing  -fno-common -ffixed-r8  -DONE_BIT_ERROR_CORRECT -D__KERNEL__ -DTEXT_BASE=0x40200800 -I/home/luoyi/mtp3730_linux/psp/x-load-1.51-psp04.02.00.07.sdk/include -fno-builtin -ffreestanding -nostdinc -isystem /home/luoyi/arm-2009q1/bin/../lib/gcc/arm-none-linux-gnueabi/4.3.3/include -pipe  -DCONFIG_ARM -D__ARM__ -march=armv7-a -mabi=apcs-gnu -mno-thumb-interwork -Wall -Wstrict-prototypes start.S cpu.c mmc.c gpio.c > .depend
make[1]: Leaving directory `/home/luoyi/mtp3730_linux/psp/x-load-1.51-psp04.02.00.07.sdk/cpu/omap3'
make[1]: Entering directory `/home/luoyi/mtp3730_linux/psp/x-load-1.51-psp04.02.00.07.sdk/cpu/omap3'
arm-none-linux-gnueabi-gcc -g  -Os   -fno-strict-aliasing  -fno-common -ffixed-r8  -DONE_BIT_ERROR_CORRECT -D__KERNEL__ -DTEXT_BASE=0x40200800 -I/home/luoyi/mtp3730_linux/psp/x-load-1.51-psp04.02.00.07.sdk/include -fno-builtin -ffreestanding -nostdinc -isystem /home/luoyi/arm-2009q1/bin/../lib/gcc/arm-none-linux-gnueabi/4.3.3/include -pipe  -DCONFIG_ARM -D__ARM__ -march=armv7-a -mabi=apcs-gnu -mno-thumb-interwork -Wall -Wstrict-prototypes -c -o cpu.o cpu.c
arm-none-linux-gnueabi-gcc -g  -Os   -fno-strict-aliasing  -fno-common -ffixed-r8  -DONE_BIT_ERROR_CORRECT -D__KERNEL__ -DTEXT_BASE=0x40200800 -I/home/luoyi/mtp3730_linux/psp/x-load-1.51-psp04.02.00.07.sdk/include -fno-builtin -ffreestanding -nostdinc -isystem /home/luoyi/arm-2009q1/bin/../lib/gcc/arm-none-linux-gnueabi/4.3.3/include -pipe  -DCONFIG_ARM -D__ARM__ -march=armv7-a -mabi=apcs-gnu -mno-thumb-interwork -Wall -Wstrict-prototypes -c -o mmc.o mmc.c
arm-none-linux-gnueabi-gcc -g  -Os   -fno-strict-aliasing  -fno-common -ffixed-r8  -DONE_BIT_ERROR_CORRECT -D__KERNEL__ -DTEXT_BASE=0x40200800 -I/home/luoyi/mtp3730_linux/psp/x-load-1.51-psp04.02.00.07.sdk/include -fno-builtin -ffreestanding -nostdinc -isystem /home/luoyi/arm-2009q1/bin/../lib/gcc/arm-none-linux-gnueabi/4.3.3/include -pipe  -DCONFIG_ARM -D__ARM__ -march=armv7-a -mabi=apcs-gnu -mno-thumb-interwork -Wall -Wstrict-prototypes -c -o gpio.o gpio.c
arm-none-linux-gnueabi-ar crv libomap3.a cpu.o mmc.o gpio.o
a - cpu.o
a - mmc.o
a - gpio.o
make[1]: Leaving directory `/home/luoyi/mtp3730_linux/psp/x-load-1.51-psp04.02.00.07.sdk/cpu/omap3'
make -C `dirname lib/libarm.a`
make[1]: Entering directory `/home/luoyi/mtp3730_linux/psp/x-load-1.51-psp04.02.00.07.sdk/lib'
arm-none-linux-gnueabi-gcc -M -g  -Os   -fno-strict-aliasing  -fno-common -ffixed-r8  -DONE_BIT_ERROR_CORRECT -D__KERNEL__ -DTEXT_BASE=0x40200800 -I/home/luoyi/mtp3730_linux/psp/x-load-1.51-psp04.02.00.07.sdk/include -fno-builtin -ffreestanding -nostdinc -isystem /home/luoyi/arm-2009q1/bin/../lib/gcc/arm-none-linux-gnueabi/4.3.3/include -pipe  -DCONFIG_ARM -D__ARM__ -march=armv7-a -mabi=apcs-gnu -mno-thumb-interwork -Wall -Wstrict-prototypes _udivsi3.S _umodsi3.S board.c ecc.c omap_bch_decoder.c omap_bch.c printf.c div0.c > .depend
make[1]: Leaving directory `/home/luoyi/mtp3730_linux/psp/x-load-1.51-psp04.02.00.07.sdk/lib'
make[1]: Entering directory `/home/luoyi/mtp3730_linux/psp/x-load-1.51-psp04.02.00.07.sdk/lib'
arm-none-linux-gnueabi-gcc -Wa,-gstabs -D__ASSEMBLY__ -g  -Os   -fno-strict-aliasing  -fno-common -ffixed-r8  -DONE_BIT_ERROR_CORRECT -D__KERNEL__ -DTEXT_BASE=0x40200800 -I/home/luoyi/mtp3730_linux/psp/x-load-1.51-psp04.02.00.07.sdk/include -fno-builtin -ffreestanding -nostdinc -isystem /home/luoyi/arm-2009q1/bin/../lib/gcc/arm-none-linux-gnueabi/4.3.3/include -pipe  -DCONFIG_ARM -D__ARM__ -march=armv7-a -mabi=apcs-gnu -mno-thumb-interwork -c -o _udivsi3.o /home/luoyi/mtp3730_linux/psp/x-load-1.51-psp04.02.00.07.sdk/lib/_udivsi3.S
arm-none-linux-gnueabi-gcc -Wa,-gstabs -D__ASSEMBLY__ -g  -Os   -fno-strict-aliasing  -fno-common -ffixed-r8  -DONE_BIT_ERROR_CORRECT -D__KERNEL__ -DTEXT_BASE=0x40200800 -I/home/luoyi/mtp3730_linux/psp/x-load-1.51-psp04.02.00.07.sdk/include -fno-builtin -ffreestanding -nostdinc -isystem /home/luoyi/arm-2009q1/bin/../lib/gcc/arm-none-linux-gnueabi/4.3.3/include -pipe  -DCONFIG_ARM -D__ARM__ -march=armv7-a -mabi=apcs-gnu -mno-thumb-interwork -c -o _umodsi3.o /home/luoyi/mtp3730_linux/psp/x-load-1.51-psp04.02.00.07.sdk/lib/_umodsi3.S
arm-none-linux-gnueabi-gcc -g  -Os   -fno-strict-aliasing  -fno-common -ffixed-r8  -DONE_BIT_ERROR_CORRECT -D__KERNEL__ -DTEXT_BASE=0x40200800 -I/home/luoyi/mtp3730_linux/psp/x-load-1.51-psp04.02.00.07.sdk/include -fno-builtin -ffreestanding -nostdinc -isystem /home/luoyi/arm-2009q1/bin/../lib/gcc/arm-none-linux-gnueabi/4.3.3/include -pipe  -DCONFIG_ARM -D__ARM__ -march=armv7-a -mabi=apcs-gnu -mno-thumb-interwork -Wall -Wstrict-prototypes -c -o board.o board.c
arm-none-linux-gnueabi-gcc -g  -Os   -fno-strict-aliasing  -fno-common -ffixed-r8  -DONE_BIT_ERROR_CORRECT -D__KERNEL__ -DTEXT_BASE=0x40200800 -I/home/luoyi/mtp3730_linux/psp/x-load-1.51-psp04.02.00.07.sdk/include -fno-builtin -ffreestanding -nostdinc -isystem /home/luoyi/arm-2009q1/bin/../lib/gcc/arm-none-linux-gnueabi/4.3.3/include -pipe  -DCONFIG_ARM -D__ARM__ -march=armv7-a -mabi=apcs-gnu -mno-thumb-interwork -Wall -Wstrict-prototypes -c -o ecc.o ecc.c
arm-none-linux-gnueabi-gcc -g  -Os   -fno-strict-aliasing  -fno-common -ffixed-r8  -DONE_BIT_ERROR_CORRECT -D__KERNEL__ -DTEXT_BASE=0x40200800 -I/home/luoyi/mtp3730_linux/psp/x-load-1.51-psp04.02.00.07.sdk/include -fno-builtin -ffreestanding -nostdinc -isystem /home/luoyi/arm-2009q1/bin/../lib/gcc/arm-none-linux-gnueabi/4.3.3/include -pipe  -DCONFIG_ARM -D__ARM__ -march=armv7-a -mabi=apcs-gnu -mno-thumb-interwork -Wall -Wstrict-prototypes -c -o omap_bch_decoder.o omap_bch_decoder.c
arm-none-linux-gnueabi-gcc -g  -Os   -fno-strict-aliasing  -fno-common -ffixed-r8  -DONE_BIT_ERROR_CORRECT -D__KERNEL__ -DTEXT_BASE=0x40200800 -I/home/luoyi/mtp3730_linux/psp/x-load-1.51-psp04.02.00.07.sdk/include -fno-builtin -ffreestanding -nostdinc -isystem /home/luoyi/arm-2009q1/bin/../lib/gcc/arm-none-linux-gnueabi/4.3.3/include -pipe  -DCONFIG_ARM -D__ARM__ -march=armv7-a -mabi=apcs-gnu -mno-thumb-interwork -Wall -Wstrict-prototypes -c -o omap_bch.o omap_bch.c
arm-none-linux-gnueabi-gcc -g  -Os   -fno-strict-aliasing  -fno-common -ffixed-r8  -DONE_BIT_ERROR_CORRECT -D__KERNEL__ -DTEXT_BASE=0x40200800 -I/home/luoyi/mtp3730_linux/psp/x-load-1.51-psp04.02.00.07.sdk/include -fno-builtin -ffreestanding -nostdinc -isystem /home/luoyi/arm-2009q1/bin/../lib/gcc/arm-none-linux-gnueabi/4.3.3/include -pipe  -DCONFIG_ARM -D__ARM__ -march=armv7-a -mabi=apcs-gnu -mno-thumb-interwork -Wall -Wstrict-prototypes -c -o printf.o printf.c
arm-none-linux-gnueabi-gcc -g  -Os   -fno-strict-aliasing  -fno-common -ffixed-r8  -DONE_BIT_ERROR_CORRECT -D__KERNEL__ -DTEXT_BASE=0x40200800 -I/home/luoyi/mtp3730_linux/psp/x-load-1.51-psp04.02.00.07.sdk/include -fno-builtin -ffreestanding -nostdinc -isystem /home/luoyi/arm-2009q1/bin/../lib/gcc/arm-none-linux-gnueabi/4.3.3/include -pipe  -DCONFIG_ARM -D__ARM__ -march=armv7-a -mabi=apcs-gnu -mno-thumb-interwork -Wall -Wstrict-prototypes -c -o div0.o div0.c
arm-none-linux-gnueabi-ar crv libarm.a _udivsi3.o _umodsi3.o board.o ecc.o omap_bch_decoder.o omap_bch.o printf.o div0.o 
a - _udivsi3.o
a - _umodsi3.o
a - board.o
a - ecc.o
a - omap_bch_decoder.o
a - omap_bch.o
a - printf.o
a - div0.o
make[1]: Leaving directory `/home/luoyi/mtp3730_linux/psp/x-load-1.51-psp04.02.00.07.sdk/lib'
make -C `dirname fs/fat/libfat.a`
make[1]: Entering directory `/home/luoyi/mtp3730_linux/psp/x-load-1.51-psp04.02.00.07.sdk/fs/fat'
arm-none-linux-gnueabi-gcc -M -g  -Os   -fno-strict-aliasing  -fno-common -ffixed-r8  -DONE_BIT_ERROR_CORRECT -D__KERNEL__ -DTEXT_BASE=0x40200800 -I../..//include -fno-builtin -ffreestanding -nostdinc -isystem /home/luoyi/arm-2009q1/bin/../lib/gcc/arm-none-linux-gnueabi/4.3.3/include -pipe  -DCONFIG_ARM -D__ARM__ -march=armv7-a -mabi=apcs-gnu -mno-thumb-interwork -Wall -Wstrict-prototypes  fat.c file.c > .depend
make[1]: Leaving directory `/home/luoyi/mtp3730_linux/psp/x-load-1.51-psp04.02.00.07.sdk/fs/fat'
make[1]: Entering directory `/home/luoyi/mtp3730_linux/psp/x-load-1.51-psp04.02.00.07.sdk/fs/fat'
arm-none-linux-gnueabi-gcc -g  -Os   -fno-strict-aliasing  -fno-common -ffixed-r8  -DONE_BIT_ERROR_CORRECT -D__KERNEL__ -DTEXT_BASE=0x40200800 -I../..//include -fno-builtin -ffreestanding -nostdinc -isystem /home/luoyi/arm-2009q1/bin/../lib/gcc/arm-none-linux-gnueabi/4.3.3/include -pipe  -DCONFIG_ARM -D__ARM__ -march=armv7-a -mabi=apcs-gnu -mno-thumb-interwork -Wall -Wstrict-prototypes -c -o fat.o fat.c
arm-none-linux-gnueabi-gcc -g  -Os   -fno-strict-aliasing  -fno-common -ffixed-r8  -DONE_BIT_ERROR_CORRECT -D__KERNEL__ -DTEXT_BASE=0x40200800 -I../..//include -fno-builtin -ffreestanding -nostdinc -isystem /home/luoyi/arm-2009q1/bin/../lib/gcc/arm-none-linux-gnueabi/4.3.3/include -pipe  -DCONFIG_ARM -D__ARM__ -march=armv7-a -mabi=apcs-gnu -mno-thumb-interwork -Wall -Wstrict-prototypes -c -o file.o file.c
In file included from file.c:34:
../..//include/linux/time.h: In function 'asctime_r':
../..//include/linux/time.h:61: warning: implicit declaration of function 'sprintf'
arm-none-linux-gnueabi-ar crv libfat.a  fat.o file.o
a - fat.o
a - file.o
make[1]: Leaving directory `/home/luoyi/mtp3730_linux/psp/x-load-1.51-psp04.02.00.07.sdk/fs/fat'
make -C `dirname disk/libdisk.a`
make[1]: Entering directory `/home/luoyi/mtp3730_linux/psp/x-load-1.51-psp04.02.00.07.sdk/disk'
arm-none-linux-gnueabi-gcc -M -g  -Os   -fno-strict-aliasing  -fno-common -ffixed-r8  -DONE_BIT_ERROR_CORRECT -D__KERNEL__ -DTEXT_BASE=0x40200800 -I/home/luoyi/mtp3730_linux/psp/x-load-1.51-psp04.02.00.07.sdk/include -fno-builtin -ffreestanding -nostdinc -isystem /home/luoyi/arm-2009q1/bin/../lib/gcc/arm-none-linux-gnueabi/4.3.3/include -pipe  -DCONFIG_ARM -D__ARM__ -march=armv7-a -mabi=apcs-gnu -mno-thumb-interwork -Wall -Wstrict-prototypes part.c > .depend
make[1]: Leaving directory `/home/luoyi/mtp3730_linux/psp/x-load-1.51-psp04.02.00.07.sdk/disk'
make[1]: Entering directory `/home/luoyi/mtp3730_linux/psp/x-load-1.51-psp04.02.00.07.sdk/disk'
arm-none-linux-gnueabi-gcc -g  -Os   -fno-strict-aliasing  -fno-common -ffixed-r8  -DONE_BIT_ERROR_CORRECT -D__KERNEL__ -DTEXT_BASE=0x40200800 -I/home/luoyi/mtp3730_linux/psp/x-load-1.51-psp04.02.00.07.sdk/include -fno-builtin -ffreestanding -nostdinc -isystem /home/luoyi/arm-2009q1/bin/../lib/gcc/arm-none-linux-gnueabi/4.3.3/include -pipe  -DCONFIG_ARM -D__ARM__ -march=armv7-a -mabi=apcs-gnu -mno-thumb-interwork -Wall -Wstrict-prototypes -c -o part.o part.c
arm-none-linux-gnueabi-ar crv libdisk.a part.o
a - part.o
make[1]: Leaving directory `/home/luoyi/mtp3730_linux/psp/x-load-1.51-psp04.02.00.07.sdk/disk'
make -C `dirname drivers/libdrivers.a`
make[1]: Entering directory `/home/luoyi/mtp3730_linux/psp/x-load-1.51-psp04.02.00.07.sdk/drivers'
arm-none-linux-gnueabi-gcc -M -g  -Os   -fno-strict-aliasing  -fno-common -ffixed-r8  -DONE_BIT_ERROR_CORRECT -D__KERNEL__ -DTEXT_BASE=0x40200800 -I/home/luoyi/mtp3730_linux/psp/x-load-1.51-psp04.02.00.07.sdk/include -fno-builtin -ffreestanding -nostdinc -isystem /home/luoyi/arm-2009q1/bin/../lib/gcc/arm-none-linux-gnueabi/4.3.3/include -pipe  -DCONFIG_ARM -D__ARM__ -march=armv7-a -mabi=apcs-gnu -mno-thumb-interwork -Wall -Wstrict-prototypes serial.c ns16550.c onenand.c k9f1g08r0a.c > .depend
make[1]: Leaving directory `/home/luoyi/mtp3730_linux/psp/x-load-1.51-psp04.02.00.07.sdk/drivers'
make[1]: Entering directory `/home/luoyi/mtp3730_linux/psp/x-load-1.51-psp04.02.00.07.sdk/drivers'
arm-none-linux-gnueabi-gcc -g  -Os   -fno-strict-aliasing  -fno-common -ffixed-r8  -DONE_BIT_ERROR_CORRECT -D__KERNEL__ -DTEXT_BASE=0x40200800 -I/home/luoyi/mtp3730_linux/psp/x-load-1.51-psp04.02.00.07.sdk/include -fno-builtin -ffreestanding -nostdinc -isystem /home/luoyi/arm-2009q1/bin/../lib/gcc/arm-none-linux-gnueabi/4.3.3/include -pipe  -DCONFIG_ARM -D__ARM__ -march=armv7-a -mabi=apcs-gnu -mno-thumb-interwork -Wall -Wstrict-prototypes -c -o serial.o serial.c
arm-none-linux-gnueabi-gcc -g  -Os   -fno-strict-aliasing  -fno-common -ffixed-r8  -DONE_BIT_ERROR_CORRECT -D__KERNEL__ -DTEXT_BASE=0x40200800 -I/home/luoyi/mtp3730_linux/psp/x-load-1.51-psp04.02.00.07.sdk/include -fno-builtin -ffreestanding -nostdinc -isystem /home/luoyi/arm-2009q1/bin/../lib/gcc/arm-none-linux-gnueabi/4.3.3/include -pipe  -DCONFIG_ARM -D__ARM__ -march=armv7-a -mabi=apcs-gnu -mno-thumb-interwork -Wall -Wstrict-prototypes -c -o ns16550.o ns16550.c
arm-none-linux-gnueabi-gcc -g  -Os   -fno-strict-aliasing  -fno-common -ffixed-r8  -DONE_BIT_ERROR_CORRECT -D__KERNEL__ -DTEXT_BASE=0x40200800 -I/home/luoyi/mtp3730_linux/psp/x-load-1.51-psp04.02.00.07.sdk/include -fno-builtin -ffreestanding -nostdinc -isystem /home/luoyi/arm-2009q1/bin/../lib/gcc/arm-none-linux-gnueabi/4.3.3/include -pipe  -DCONFIG_ARM -D__ARM__ -march=armv7-a -mabi=apcs-gnu -mno-thumb-interwork -Wall -Wstrict-prototypes -c -o onenand.o onenand.c
arm-none-linux-gnueabi-gcc -g  -Os   -fno-strict-aliasing  -fno-common -ffixed-r8  -DONE_BIT_ERROR_CORRECT -D__KERNEL__ -DTEXT_BASE=0x40200800 -I/home/luoyi/mtp3730_linux/psp/x-load-1.51-psp04.02.00.07.sdk/include -fno-builtin -ffreestanding -nostdinc -isystem /home/luoyi/arm-2009q1/bin/../lib/gcc/arm-none-linux-gnueabi/4.3.3/include -pipe  -DCONFIG_ARM -D__ARM__ -march=armv7-a -mabi=apcs-gnu -mno-thumb-interwork -Wall -Wstrict-prototypes -c -o k9f1g08r0a.o k9f1g08r0a.c
arm-none-linux-gnueabi-ar crv libdrivers.a serial.o ns16550.o onenand.o k9f1g08r0a.o
a - serial.o
a - ns16550.o
a - onenand.o
a - k9f1g08r0a.o
make[1]: Leaving directory `/home/luoyi/mtp3730_linux/psp/x-load-1.51-psp04.02.00.07.sdk/drivers'
UNDEF_SYM=`arm-none-linux-gnueabi-objdump -x board/omap3beagle/libomap3beagle.a cpu/omap3/libomap3.a lib/libarm.a fs/fat/libfat.a disk/libdisk.a drivers/libdrivers.a |sed  -n -e 's/.*\(__u_boot_cmd_.*\)/-u\1/p'|sort|uniq`;\
 		arm-none-linux-gnueabi-ld -Bstatic -T /home/luoyi/mtp3730_linux/psp/x-load-1.51-psp04.02.00.07.sdk/board/omap3beagle/x-load.lds -Ttext 0x40200800  $UNDEF_SYM cpu/omap3/start.o \
			--start-group board/omap3beagle/libomap3beagle.a cpu/omap3/libomap3.a lib/libarm.a fs/fat/libfat.a disk/libdisk.a drivers/libdrivers.a --end-group -L /home/luoyi/arm-2009q1/bin/../lib/gcc/arm-none-linux-gnueabi/4.3.3 -lgcc \
			-Map x-load.map -o x-load
arm-none-linux-gnueabi-objcopy --gap-fill=0xff -O binary x-load x-load.bin
